-- The C compiler identification is GNU 11.3.0
-- The CXX compiler identification is GNU 11.3.0
-- Detecting C compiler ABI info
-- Detecting C compiler ABI info - done
-- Check for working C compiler: /usr/bin/cc - skipped
-- Detecting C compile features
-- Detecting C compile features - done
-- Detecting CXX compiler ABI info
-- Detecting CXX compiler ABI info - done
-- Check for working CXX compiler: /usr/bin/c++ - skipped
-- Detecting CXX compile features
-- Detecting CXX compile features - done
-- Found ament_cmake: 1.3.2 (/opt/ros/humble/share/ament_cmake/cmake)
-- Found Python3: /usr/bin/python3.10 (found version "3.10.6") found components: Interpreter 
-- Found ament_lint_auto: 0.12.4 (/opt/ros/humble/share/ament_lint_auto/cmake)
-- Added test 'cppcheck' to perform static code analysis on C / C++ code
-- Configured cppcheck include dirs: 
-- Configured cppcheck exclude dirs and/or files: 
-- Added test 'lint_cmake' to check CMake code style
-- Added test 'uncrustify' to check C / C++ code style
-- Configured uncrustify additional arguments: 
-- Added test 'xmllint' to check XML markup files
-- Configuring done
-- Generating done
-- Build files have been written to: /home/avi/LIAN/lian/build/lian_nav2
-- Install configuration: ""
-- Installing: /home/avi/LIAN/lian/install/lian_nav2/share/ament_index/resource_index/package_run_dependencies/lian_nav2
-- Installing: /home/avi/LIAN/lian/install/lian_nav2/share/ament_index/resource_index/parent_prefix_path/lian_nav2
-- Installing: /home/avi/LIAN/lian/install/lian_nav2/share/lian_nav2/environment/ament_prefix_path.sh
-- Installing: /home/avi/LIAN/lian/install/lian_nav2/share/lian_nav2/environment/ament_prefix_path.dsv
-- Installing: /home/avi/LIAN/lian/install/lian_nav2/share/lian_nav2/environment/path.sh
-- Installing: /home/avi/LIAN/lian/install/lian_nav2/share/lian_nav2/environment/path.dsv
-- Installing: /home/avi/LIAN/lian/install/lian_nav2/share/lian_nav2/local_setup.bash
-- Installing: /home/avi/LIAN/lian/install/lian_nav2/share/lian_nav2/local_setup.sh
-- Installing: /home/avi/LIAN/lian/install/lian_nav2/share/lian_nav2/local_setup.zsh
-- Installing: /home/avi/LIAN/lian/install/lian_nav2/share/lian_nav2/local_setup.dsv
-- Installing: /home/avi/LIAN/lian/install/lian_nav2/share/lian_nav2/package.dsv
-- Installing: /home/avi/LIAN/lian/install/lian_nav2/share/ament_index/resource_index/packages/lian_nav2
-- Installing: /home/avi/LIAN/lian/install/lian_nav2/share/lian_nav2/cmake/lian_nav2Config.cmake
-- Installing: /home/avi/LIAN/lian/install/lian_nav2/share/lian_nav2/cmake/lian_nav2Config-version.cmake
-- Installing: /home/avi/LIAN/lian/install/lian_nav2/share/lian_nav2/package.xml
