[0.009s] Invoking command in '/home/avi/LIAN/lian/build/lian_nav2': CMAKE_PREFIX_PATH=${CMAKE_PREFIX_PATH}:/home/avi/nakai/packages/nakai-onboard/install/rosboard:/opt/ros/humble:/home/avi/nakai/packages/nakai-onboard/install/tf03:/home/avi/nakai/packages/nakai-onboard/install/ros2_jetson_stats:/home/avi/nakai/packages/nakai-onboard/install/nakai_robot:/home/avi/nakai/packages/nakai-onboard/install/bar30:/home/avi/nakai/packages/nakai-onboard/install/altimu10v5 /usr/bin/cmake /home/avi/LIAN/lian/src/lian_nav2 -DCMAKE_INSTALL_PREFIX=/home/avi/LIAN/lian/install/lian_nav2
[0.041s] -- The C compiler identification is GNU 11.3.0
[0.072s] -- The CXX compiler identification is GNU 11.3.0
[0.077s] -- Detecting C compiler ABI info
[0.114s] -- Detecting C compiler ABI info - done
[0.119s] -- Check for working C compiler: /usr/bin/cc - skipped
[0.119s] -- Detecting C compile features
[0.119s] -- Detecting C compile features - done
[0.120s] -- Detecting CXX compiler ABI info
[0.161s] -- Detecting CXX compiler ABI info - done
[0.165s] -- Check for working CXX compiler: /usr/bin/c++ - skipped
[0.165s] -- Detecting CXX compile features
[0.165s] -- Detecting CXX compile features - done
[0.167s] -- Found ament_cmake: 1.3.2 (/opt/ros/humble/share/ament_cmake/cmake)
[0.269s] -- Found Python3: /usr/bin/python3.10 (found version "3.10.6") found components: Interpreter 
[0.321s] -- Found ament_lint_auto: 0.12.4 (/opt/ros/humble/share/ament_lint_auto/cmake)
[0.366s] -- Added test 'cppcheck' to perform static code analysis on C / C++ code
[0.366s] -- Configured cppcheck include dirs: 
[0.366s] -- Configured cppcheck exclude dirs and/or files: 
[0.367s] -- Added test 'lint_cmake' to check CMake code style
[0.368s] -- Added test 'uncrustify' to check C / C++ code style
[0.368s] -- Configured uncrustify additional arguments: 
[0.368s] -- Added test 'xmllint' to check XML markup files
[0.369s] -- Configuring done
[0.370s] -- Generating done
[0.371s] -- Build files have been written to: /home/avi/LIAN/lian/build/lian_nav2
[0.374s] Invoked command in '/home/avi/LIAN/lian/build/lian_nav2' returned '0': CMAKE_PREFIX_PATH=${CMAKE_PREFIX_PATH}:/home/avi/nakai/packages/nakai-onboard/install/rosboard:/opt/ros/humble:/home/avi/nakai/packages/nakai-onboard/install/tf03:/home/avi/nakai/packages/nakai-onboard/install/ros2_jetson_stats:/home/avi/nakai/packages/nakai-onboard/install/nakai_robot:/home/avi/nakai/packages/nakai-onboard/install/bar30:/home/avi/nakai/packages/nakai-onboard/install/altimu10v5 /usr/bin/cmake /home/avi/LIAN/lian/src/lian_nav2 -DCMAKE_INSTALL_PREFIX=/home/avi/LIAN/lian/install/lian_nav2
[0.374s] Invoking command in '/home/avi/LIAN/lian/build/lian_nav2': CMAKE_PREFIX_PATH=${CMAKE_PREFIX_PATH}:/home/avi/nakai/packages/nakai-onboard/install/rosboard:/opt/ros/humble:/home/avi/nakai/packages/nakai-onboard/install/tf03:/home/avi/nakai/packages/nakai-onboard/install/ros2_jetson_stats:/home/avi/nakai/packages/nakai-onboard/install/nakai_robot:/home/avi/nakai/packages/nakai-onboard/install/bar30:/home/avi/nakai/packages/nakai-onboard/install/altimu10v5 /usr/bin/cmake --build /home/avi/LIAN/lian/build/lian_nav2 -- -j20 -l20
[0.394s] Invoked command in '/home/avi/LIAN/lian/build/lian_nav2' returned '0': CMAKE_PREFIX_PATH=${CMAKE_PREFIX_PATH}:/home/avi/nakai/packages/nakai-onboard/install/rosboard:/opt/ros/humble:/home/avi/nakai/packages/nakai-onboard/install/tf03:/home/avi/nakai/packages/nakai-onboard/install/ros2_jetson_stats:/home/avi/nakai/packages/nakai-onboard/install/nakai_robot:/home/avi/nakai/packages/nakai-onboard/install/bar30:/home/avi/nakai/packages/nakai-onboard/install/altimu10v5 /usr/bin/cmake --build /home/avi/LIAN/lian/build/lian_nav2 -- -j20 -l20
[0.410s] Invoking command in '/home/avi/LIAN/lian/build/lian_nav2': CMAKE_PREFIX_PATH=${CMAKE_PREFIX_PATH}:/home/avi/nakai/packages/nakai-onboard/install/rosboard:/opt/ros/humble:/home/avi/nakai/packages/nakai-onboard/install/tf03:/home/avi/nakai/packages/nakai-onboard/install/ros2_jetson_stats:/home/avi/nakai/packages/nakai-onboard/install/nakai_robot:/home/avi/nakai/packages/nakai-onboard/install/bar30:/home/avi/nakai/packages/nakai-onboard/install/altimu10v5 /usr/bin/cmake --install /home/avi/LIAN/lian/build/lian_nav2
[0.413s] -- Install configuration: ""
[0.414s] -- Installing: /home/avi/LIAN/lian/install/lian_nav2/share/ament_index/resource_index/package_run_dependencies/lian_nav2
[0.414s] -- Installing: /home/avi/LIAN/lian/install/lian_nav2/share/ament_index/resource_index/parent_prefix_path/lian_nav2
[0.414s] -- Installing: /home/avi/LIAN/lian/install/lian_nav2/share/lian_nav2/environment/ament_prefix_path.sh
[0.414s] -- Installing: /home/avi/LIAN/lian/install/lian_nav2/share/lian_nav2/environment/ament_prefix_path.dsv
[0.414s] -- Installing: /home/avi/LIAN/lian/install/lian_nav2/share/lian_nav2/environment/path.sh
[0.414s] -- Installing: /home/avi/LIAN/lian/install/lian_nav2/share/lian_nav2/environment/path.dsv
[0.414s] -- Installing: /home/avi/LIAN/lian/install/lian_nav2/share/lian_nav2/local_setup.bash
[0.414s] -- Installing: /home/avi/LIAN/lian/install/lian_nav2/share/lian_nav2/local_setup.sh
[0.414s] -- Installing: /home/avi/LIAN/lian/install/lian_nav2/share/lian_nav2/local_setup.zsh
[0.414s] -- Installing: /home/avi/LIAN/lian/install/lian_nav2/share/lian_nav2/local_setup.dsv
[0.414s] -- Installing: /home/avi/LIAN/lian/install/lian_nav2/share/lian_nav2/package.dsv
[0.414s] -- Installing: /home/avi/LIAN/lian/install/lian_nav2/share/ament_index/resource_index/packages/lian_nav2
[0.415s] -- Installing: /home/avi/LIAN/lian/install/lian_nav2/share/lian_nav2/cmake/lian_nav2Config.cmake
[0.415s] -- Installing: /home/avi/LIAN/lian/install/lian_nav2/share/lian_nav2/cmake/lian_nav2Config-version.cmake
[0.415s] -- Installing: /home/avi/LIAN/lian/install/lian_nav2/share/lian_nav2/package.xml
[0.416s] Invoked command in '/home/avi/LIAN/lian/build/lian_nav2' returned '0': CMAKE_PREFIX_PATH=${CMAKE_PREFIX_PATH}:/home/avi/nakai/packages/nakai-onboard/install/rosboard:/opt/ros/humble:/home/avi/nakai/packages/nakai-onboard/install/tf03:/home/avi/nakai/packages/nakai-onboard/install/ros2_jetson_stats:/home/avi/nakai/packages/nakai-onboard/install/nakai_robot:/home/avi/nakai/packages/nakai-onboard/install/bar30:/home/avi/nakai/packages/nakai-onboard/install/altimu10v5 /usr/bin/cmake --install /home/avi/LIAN/lian/build/lian_nav2
