[0.154s] DEBUG:colcon:Command line arguments: ['/usr/bin/colcon', 'build']
[0.154s] DEBUG:colcon:Parsed command line arguments: Namespace(log_base=None, log_level=None, verb_name='build', build_base='build', install_base='install', merge_install=False, symlink_install=False, test_result_base=None, continue_on_error=False, executor='parallel', parallel_workers=20, event_handlers=None, ignore_user_meta=False, metas=['./colcon.meta'], base_paths=['.'], packages_ignore=None, packages_ignore_regex=None, paths=None, packages_up_to=None, packages_up_to_regex=None, packages_above=None, packages_above_and_dependencies=None, packages_above_depth=None, packages_select_by_dep=None, packages_skip_by_dep=None, packages_skip_up_to=None, packages_select_build_failed=False, packages_skip_build_finished=False, packages_select_test_failures=False, packages_skip_test_passed=False, packages_select=None, packages_skip=None, packages_select_regex=None, packages_skip_regex=None, packages_start=None, packages_end=None, allow_overriding=[], cmake_args=None, cmake_target=None, cmake_target_skip_unavailable=False, cmake_clean_cache=False, cmake_clean_first=False, cmake_force_configure=False, ament_cmake_args=None, catkin_cmake_args=None, catkin_skip_building_tests=False, verb_parser=<colcon_defaults.argument_parser.defaults.DefaultArgumentsDecorator object at 0x7f86584fd720>, verb_extension=<colcon_core.verb.build.BuildVerb object at 0x7f8658e71cc0>, main=<bound method BuildVerb.main of <colcon_core.verb.build.BuildVerb object at 0x7f8658e71cc0>>)
[0.170s] Level 1:colcon.colcon_core.package_discovery:discover_packages(colcon_meta) check parameters
[0.171s] Level 1:colcon.colcon_core.package_discovery:discover_packages(recursive) check parameters
[0.171s] Level 1:colcon.colcon_core.package_discovery:discover_packages(ignore) check parameters
[0.171s] Level 1:colcon.colcon_core.package_discovery:discover_packages(path) check parameters
[0.171s] Level 1:colcon.colcon_core.package_discovery:discover_packages(colcon_meta) discover
[0.171s] Level 1:colcon.colcon_core.package_discovery:discover_packages(recursive) discover
[0.171s] INFO:colcon.colcon_core.package_discovery:Crawling recursively for packages in '/home/avi/LIAN/lian'
[0.171s] Level 1:colcon.colcon_core.package_identification:_identify(.) by extensions ['ignore', 'ignore_ament_install']
[0.171s] Level 1:colcon.colcon_core.package_identification:_identify(.) by extension 'ignore'
[0.171s] Level 1:colcon.colcon_core.package_identification:_identify(.) by extension 'ignore_ament_install'
[0.171s] Level 1:colcon.colcon_core.package_identification:_identify(.) by extensions ['colcon_pkg']
[0.171s] Level 1:colcon.colcon_core.package_identification:_identify(.) by extension 'colcon_pkg'
[0.171s] Level 1:colcon.colcon_core.package_identification:_identify(.) by extensions ['colcon_meta']
[0.171s] Level 1:colcon.colcon_core.package_identification:_identify(.) by extension 'colcon_meta'
[0.171s] Level 1:colcon.colcon_core.package_identification:_identify(.) by extensions ['ros']
[0.171s] Level 1:colcon.colcon_core.package_identification:_identify(.) by extension 'ros'
[0.177s] Level 1:colcon.colcon_core.package_identification:_identify(.) by extensions ['cmake', 'python']
[0.177s] Level 1:colcon.colcon_core.package_identification:_identify(.) by extension 'cmake'
[0.177s] Level 1:colcon.colcon_core.package_identification:_identify(.) by extension 'python'
[0.177s] Level 1:colcon.colcon_core.package_identification:_identify(.) by extensions ['python_setup_py']
[0.177s] Level 1:colcon.colcon_core.package_identification:_identify(.) by extension 'python_setup_py'
[0.177s] Level 1:colcon.colcon_core.package_identification:_identify(build) by extensions ['ignore', 'ignore_ament_install']
[0.177s] Level 1:colcon.colcon_core.package_identification:_identify(build) by extension 'ignore'
[0.177s] Level 1:colcon.colcon_core.package_identification:_identify(build) ignored
[0.177s] Level 1:colcon.colcon_core.package_identification:_identify(install) by extensions ['ignore', 'ignore_ament_install']
[0.177s] Level 1:colcon.colcon_core.package_identification:_identify(install) by extension 'ignore'
[0.177s] Level 1:colcon.colcon_core.package_identification:_identify(install) ignored
[0.177s] Level 1:colcon.colcon_core.package_identification:_identify(log) by extensions ['ignore', 'ignore_ament_install']
[0.177s] Level 1:colcon.colcon_core.package_identification:_identify(log) by extension 'ignore'
[0.177s] Level 1:colcon.colcon_core.package_identification:_identify(log) ignored
[0.177s] Level 1:colcon.colcon_core.package_identification:_identify(src) by extensions ['ignore', 'ignore_ament_install']
[0.177s] Level 1:colcon.colcon_core.package_identification:_identify(src) by extension 'ignore'
[0.177s] Level 1:colcon.colcon_core.package_identification:_identify(src) by extension 'ignore_ament_install'
[0.177s] Level 1:colcon.colcon_core.package_identification:_identify(src) by extensions ['colcon_pkg']
[0.177s] Level 1:colcon.colcon_core.package_identification:_identify(src) by extension 'colcon_pkg'
[0.177s] Level 1:colcon.colcon_core.package_identification:_identify(src) by extensions ['colcon_meta']
[0.177s] Level 1:colcon.colcon_core.package_identification:_identify(src) by extension 'colcon_meta'
[0.177s] Level 1:colcon.colcon_core.package_identification:_identify(src) by extensions ['ros']
[0.177s] Level 1:colcon.colcon_core.package_identification:_identify(src) by extension 'ros'
[0.177s] Level 1:colcon.colcon_core.package_identification:_identify(src) by extensions ['cmake', 'python']
[0.177s] Level 1:colcon.colcon_core.package_identification:_identify(src) by extension 'cmake'
[0.177s] Level 1:colcon.colcon_core.package_identification:_identify(src) by extension 'python'
[0.177s] Level 1:colcon.colcon_core.package_identification:_identify(src) by extensions ['python_setup_py']
[0.177s] Level 1:colcon.colcon_core.package_identification:_identify(src) by extension 'python_setup_py'
[0.177s] Level 1:colcon.colcon_core.package_identification:_identify(src/lian_nav2) by extensions ['ignore', 'ignore_ament_install']
[0.178s] Level 1:colcon.colcon_core.package_identification:_identify(src/lian_nav2) by extension 'ignore'
[0.178s] Level 1:colcon.colcon_core.package_identification:_identify(src/lian_nav2) by extension 'ignore_ament_install'
[0.178s] Level 1:colcon.colcon_core.package_identification:_identify(src/lian_nav2) by extensions ['colcon_pkg']
[0.178s] Level 1:colcon.colcon_core.package_identification:_identify(src/lian_nav2) by extension 'colcon_pkg'
[0.178s] Level 1:colcon.colcon_core.package_identification:_identify(src/lian_nav2) by extensions ['colcon_meta']
[0.178s] Level 1:colcon.colcon_core.package_identification:_identify(src/lian_nav2) by extension 'colcon_meta'
[0.178s] Level 1:colcon.colcon_core.package_identification:_identify(src/lian_nav2) by extensions ['ros']
[0.178s] Level 1:colcon.colcon_core.package_identification:_identify(src/lian_nav2) by extension 'ros'
[0.179s] DEBUG:colcon.colcon_core.package_identification:Package 'src/lian_nav2' with type 'ros.ament_cmake' and name 'lian_nav2'
[0.179s] Level 1:colcon.colcon_core.package_discovery:discover_packages(recursive) using defaults
[0.179s] Level 1:colcon.colcon_core.package_discovery:discover_packages(ignore) discover
[0.179s] Level 1:colcon.colcon_core.package_discovery:discover_packages(ignore) using defaults
[0.179s] Level 1:colcon.colcon_core.package_discovery:discover_packages(path) discover
[0.179s] Level 1:colcon.colcon_core.package_discovery:discover_packages(path) using defaults
[0.192s] Level 1:colcon.colcon_core.package_discovery:discover_packages(prefix_path) check parameters
[0.192s] Level 1:colcon.colcon_core.package_discovery:discover_packages(prefix_path) discover
[0.194s] DEBUG:colcon.colcon_installed_package_information.package_discovery:Found 15 installed packages in /home/avi/nakai/packages/nakai-onboard/install
[0.195s] DEBUG:colcon.colcon_installed_package_information.package_discovery:Found 337 installed packages in /opt/ros/humble
[0.195s] Level 1:colcon.colcon_core.package_discovery:discover_packages(prefix_path) using defaults
[0.229s] Level 5:colcon.colcon_core.verb:set package 'lian_nav2' build argument 'cmake_args' from command line to 'None'
[0.229s] Level 5:colcon.colcon_core.verb:set package 'lian_nav2' build argument 'cmake_target' from command line to 'None'
[0.229s] Level 5:colcon.colcon_core.verb:set package 'lian_nav2' build argument 'cmake_target_skip_unavailable' from command line to 'False'
[0.229s] Level 5:colcon.colcon_core.verb:set package 'lian_nav2' build argument 'cmake_clean_cache' from command line to 'False'
[0.229s] Level 5:colcon.colcon_core.verb:set package 'lian_nav2' build argument 'cmake_clean_first' from command line to 'False'
[0.229s] Level 5:colcon.colcon_core.verb:set package 'lian_nav2' build argument 'cmake_force_configure' from command line to 'False'
[0.229s] Level 5:colcon.colcon_core.verb:set package 'lian_nav2' build argument 'ament_cmake_args' from command line to 'None'
[0.229s] Level 5:colcon.colcon_core.verb:set package 'lian_nav2' build argument 'catkin_cmake_args' from command line to 'None'
[0.229s] Level 5:colcon.colcon_core.verb:set package 'lian_nav2' build argument 'catkin_skip_building_tests' from command line to 'False'
[0.229s] DEBUG:colcon.colcon_core.verb:Building package 'lian_nav2' with the following arguments: {'ament_cmake_args': None, 'build_base': '/home/avi/LIAN/lian/build/lian_nav2', 'catkin_cmake_args': None, 'catkin_skip_building_tests': False, 'cmake_args': None, 'cmake_clean_cache': False, 'cmake_clean_first': False, 'cmake_force_configure': False, 'cmake_target': None, 'cmake_target_skip_unavailable': False, 'install_base': '/home/avi/LIAN/lian/install/lian_nav2', 'merge_install': False, 'path': '/home/avi/LIAN/lian/src/lian_nav2', 'symlink_install': False, 'test_result_base': None}
[0.229s] INFO:colcon.colcon_core.executor:Executing jobs using 'parallel' executor
[0.231s] DEBUG:colcon.colcon_parallel_executor.executor.parallel:run_until_complete
[0.231s] INFO:colcon.colcon_ros.task.ament_cmake.build:Building ROS package in '/home/avi/LIAN/lian/src/lian_nav2' with build type 'ament_cmake'
[0.231s] INFO:colcon.colcon_cmake.task.cmake.build:Building CMake package in '/home/avi/LIAN/lian/src/lian_nav2'
[0.234s] INFO:colcon.colcon_core.plugin_system:Skipping extension 'colcon_core.shell.bat': Not used on non-Windows systems
[0.234s] INFO:colcon.colcon_core.shell:Skip shell extension 'powershell' for command environment: Not usable outside of PowerShell
[0.234s] DEBUG:colcon.colcon_core.shell:Skip shell extension 'dsv' for command environment
[0.241s] DEBUG:colcon.colcon_core.event_handler.log_command:Invoking command in '/home/avi/LIAN/lian/build/lian_nav2': CMAKE_PREFIX_PATH=${CMAKE_PREFIX_PATH}:/home/avi/nakai/packages/nakai-onboard/install/rosboard:/opt/ros/humble:/home/avi/nakai/packages/nakai-onboard/install/tf03:/home/avi/nakai/packages/nakai-onboard/install/ros2_jetson_stats:/home/avi/nakai/packages/nakai-onboard/install/nakai_robot:/home/avi/nakai/packages/nakai-onboard/install/bar30:/home/avi/nakai/packages/nakai-onboard/install/altimu10v5 /usr/bin/cmake --build /home/avi/LIAN/lian/build/lian_nav2 -- -j20 -l20
[2.168s] DEBUG:colcon.colcon_core.event_handler.log_command:Invoked command in '/home/avi/LIAN/lian/build/lian_nav2' returned '0': CMAKE_PREFIX_PATH=${CMAKE_PREFIX_PATH}:/home/avi/nakai/packages/nakai-onboard/install/rosboard:/opt/ros/humble:/home/avi/nakai/packages/nakai-onboard/install/tf03:/home/avi/nakai/packages/nakai-onboard/install/ros2_jetson_stats:/home/avi/nakai/packages/nakai-onboard/install/nakai_robot:/home/avi/nakai/packages/nakai-onboard/install/bar30:/home/avi/nakai/packages/nakai-onboard/install/altimu10v5 /usr/bin/cmake --build /home/avi/LIAN/lian/build/lian_nav2 -- -j20 -l20
[2.186s] DEBUG:colcon.colcon_core.event_handler.log_command:Invoking command in '/home/avi/LIAN/lian/build/lian_nav2': CMAKE_PREFIX_PATH=${CMAKE_PREFIX_PATH}:/home/avi/nakai/packages/nakai-onboard/install/rosboard:/opt/ros/humble:/home/avi/nakai/packages/nakai-onboard/install/tf03:/home/avi/nakai/packages/nakai-onboard/install/ros2_jetson_stats:/home/avi/nakai/packages/nakai-onboard/install/nakai_robot:/home/avi/nakai/packages/nakai-onboard/install/bar30:/home/avi/nakai/packages/nakai-onboard/install/altimu10v5 /usr/bin/cmake --install /home/avi/LIAN/lian/build/lian_nav2
[2.192s] Level 1:colcon.colcon_core.environment:create_environment_scripts_only(lian_nav2)
[2.193s] DEBUG:colcon.colcon_core.event_handler.log_command:Invoked command in '/home/avi/LIAN/lian/build/lian_nav2' returned '0': CMAKE_PREFIX_PATH=${CMAKE_PREFIX_PATH}:/home/avi/nakai/packages/nakai-onboard/install/rosboard:/opt/ros/humble:/home/avi/nakai/packages/nakai-onboard/install/tf03:/home/avi/nakai/packages/nakai-onboard/install/ros2_jetson_stats:/home/avi/nakai/packages/nakai-onboard/install/nakai_robot:/home/avi/nakai/packages/nakai-onboard/install/bar30:/home/avi/nakai/packages/nakai-onboard/install/altimu10v5 /usr/bin/cmake --install /home/avi/LIAN/lian/build/lian_nav2
[2.195s] Level 1:colcon.colcon_core.environment:checking '/home/avi/LIAN/lian/install/lian_nav2' for CMake module files
[2.195s] Level 1:colcon.colcon_core.environment:checking '/home/avi/LIAN/lian/install/lian_nav2' for CMake config files
[2.195s] Level 1:colcon.colcon_core.shell:create_environment_hook('lian_nav2', 'cmake_prefix_path')
[2.196s] INFO:colcon.colcon_core.shell:Creating environment hook '/home/avi/LIAN/lian/install/lian_nav2/share/lian_nav2/hook/cmake_prefix_path.ps1'
[2.196s] INFO:colcon.colcon_core.shell:Creating environment descriptor '/home/avi/LIAN/lian/install/lian_nav2/share/lian_nav2/hook/cmake_prefix_path.dsv'
[2.196s] INFO:colcon.colcon_core.shell:Creating environment hook '/home/avi/LIAN/lian/install/lian_nav2/share/lian_nav2/hook/cmake_prefix_path.sh'
[2.196s] Level 1:colcon.colcon_core.environment:checking '/home/avi/LIAN/lian/install/lian_nav2/lib'
[2.197s] Level 1:colcon.colcon_core.environment:checking '/home/avi/LIAN/lian/install/lian_nav2/bin'
[2.197s] Level 1:colcon.colcon_core.environment:checking '/home/avi/LIAN/lian/install/lian_nav2/lib/pkgconfig/lian_nav2.pc'
[2.197s] Level 1:colcon.colcon_core.environment:checking '/home/avi/LIAN/lian/install/lian_nav2/lib/python3.10/site-packages'
[2.197s] Level 1:colcon.colcon_core.environment:checking '/home/avi/LIAN/lian/install/lian_nav2/bin'
[2.197s] INFO:colcon.colcon_core.shell:Creating package script '/home/avi/LIAN/lian/install/lian_nav2/share/lian_nav2/package.ps1'
[2.198s] INFO:colcon.colcon_core.shell:Creating package descriptor '/home/avi/LIAN/lian/install/lian_nav2/share/lian_nav2/package.dsv'
[2.198s] INFO:colcon.colcon_core.shell:Creating package script '/home/avi/LIAN/lian/install/lian_nav2/share/lian_nav2/package.sh'
[2.198s] INFO:colcon.colcon_core.shell:Creating package script '/home/avi/LIAN/lian/install/lian_nav2/share/lian_nav2/package.bash'
[2.199s] INFO:colcon.colcon_core.shell:Creating package script '/home/avi/LIAN/lian/install/lian_nav2/share/lian_nav2/package.zsh'
[2.199s] Level 1:colcon.colcon_core.environment:create_file_with_runtime_dependencies(/home/avi/LIAN/lian/install/lian_nav2/share/colcon-core/packages/lian_nav2)
[2.213s] Level 1:colcon.colcon_core.environment:create_environment_scripts_only(lian_nav2)
[2.215s] Level 1:colcon.colcon_core.environment:checking '/home/avi/LIAN/lian/install/lian_nav2' for CMake module files
[2.215s] Level 1:colcon.colcon_core.environment:checking '/home/avi/LIAN/lian/install/lian_nav2' for CMake config files
[2.215s] Level 1:colcon.colcon_core.shell:create_environment_hook('lian_nav2', 'cmake_prefix_path')
[2.216s] INFO:colcon.colcon_core.shell:Creating environment hook '/home/avi/LIAN/lian/install/lian_nav2/share/lian_nav2/hook/cmake_prefix_path.ps1'
[2.217s] INFO:colcon.colcon_core.shell:Creating environment descriptor '/home/avi/LIAN/lian/install/lian_nav2/share/lian_nav2/hook/cmake_prefix_path.dsv'
[2.217s] INFO:colcon.colcon_core.shell:Creating environment hook '/home/avi/LIAN/lian/install/lian_nav2/share/lian_nav2/hook/cmake_prefix_path.sh'
[2.217s] Level 1:colcon.colcon_core.environment:checking '/home/avi/LIAN/lian/install/lian_nav2/lib'
[2.217s] Level 1:colcon.colcon_core.environment:checking '/home/avi/LIAN/lian/install/lian_nav2/bin'
[2.218s] Level 1:colcon.colcon_core.environment:checking '/home/avi/LIAN/lian/install/lian_nav2/lib/pkgconfig/lian_nav2.pc'
[2.218s] Level 1:colcon.colcon_core.environment:checking '/home/avi/LIAN/lian/install/lian_nav2/lib/python3.10/site-packages'
[2.218s] Level 1:colcon.colcon_core.environment:checking '/home/avi/LIAN/lian/install/lian_nav2/bin'
[2.218s] INFO:colcon.colcon_core.shell:Creating package script '/home/avi/LIAN/lian/install/lian_nav2/share/lian_nav2/package.ps1'
[2.219s] INFO:colcon.colcon_core.shell:Creating package descriptor '/home/avi/LIAN/lian/install/lian_nav2/share/lian_nav2/package.dsv'
[2.219s] INFO:colcon.colcon_core.shell:Creating package script '/home/avi/LIAN/lian/install/lian_nav2/share/lian_nav2/package.sh'
[2.219s] INFO:colcon.colcon_core.shell:Creating package script '/home/avi/LIAN/lian/install/lian_nav2/share/lian_nav2/package.bash'
[2.219s] INFO:colcon.colcon_core.shell:Creating package script '/home/avi/LIAN/lian/install/lian_nav2/share/lian_nav2/package.zsh'
[2.219s] Level 1:colcon.colcon_core.environment:create_file_with_runtime_dependencies(/home/avi/LIAN/lian/install/lian_nav2/share/colcon-core/packages/lian_nav2)
[2.220s] DEBUG:colcon.colcon_parallel_executor.executor.parallel:closing loop
[2.220s] DEBUG:colcon.colcon_parallel_executor.executor.parallel:loop closed
[2.220s] DEBUG:colcon.colcon_parallel_executor.executor.parallel:run_until_complete finished with '0'
[2.220s] DEBUG:colcon.colcon_core.event_reactor:joining thread
[2.224s] INFO:colcon.colcon_core.plugin_system:Skipping extension 'colcon_notification.desktop_notification.terminal_notifier': Not used on non-Darwin systems
[2.224s] INFO:colcon.colcon_core.plugin_system:Skipping extension 'colcon_notification.desktop_notification.win32': Not used on non-Windows systems
[2.224s] INFO:colcon.colcon_notification.desktop_notification:Sending desktop notification using 'notify2'
[2.238s] DEBUG:colcon.colcon_core.event_reactor:joined thread
[2.239s] INFO:colcon.colcon_core.shell:Creating prefix script '/home/avi/LIAN/lian/install/local_setup.ps1'
[2.240s] INFO:colcon.colcon_core.shell:Creating prefix util module '/home/avi/LIAN/lian/install/_local_setup_util_ps1.py'
[2.241s] INFO:colcon.colcon_core.shell:Creating prefix chain script '/home/avi/LIAN/lian/install/setup.ps1'
[2.242s] INFO:colcon.colcon_core.shell:Creating prefix script '/home/avi/LIAN/lian/install/local_setup.sh'
[2.242s] INFO:colcon.colcon_core.shell:Creating prefix util module '/home/avi/LIAN/lian/install/_local_setup_util_sh.py'
[2.242s] INFO:colcon.colcon_core.shell:Creating prefix chain script '/home/avi/LIAN/lian/install/setup.sh'
[2.243s] INFO:colcon.colcon_core.shell:Creating prefix script '/home/avi/LIAN/lian/install/local_setup.bash'
[2.243s] INFO:colcon.colcon_core.shell:Creating prefix chain script '/home/avi/LIAN/lian/install/setup.bash'
[2.244s] INFO:colcon.colcon_core.shell:Creating prefix script '/home/avi/LIAN/lian/install/local_setup.zsh'
[2.244s] INFO:colcon.colcon_core.shell:Creating prefix chain script '/home/avi/LIAN/lian/install/setup.zsh'
