-- Found ament_cmake: 1.3.2 (/opt/ros/humble/share/ament_cmake/cmake)
-- Found rclcpp: 16.0.1 (/opt/ros/humble/share/rclcpp/cmake)
-- Found rosidl_generator_c: 3.1.3 (/opt/ros/humble/share/rosidl_generator_c/cmake)
-- Found rosidl_adapter: 3.1.3 (/opt/ros/humble/share/rosidl_adapter/cmake)
-- Found rosidl_generator_cpp: 3.1.3 (/opt/ros/humble/share/rosidl_generator_cpp/cmake)
-- Using all available rosidl_typesupport_c: rosidl_typesupport_fastrtps_c;rosidl_typesupport_introspection_c
-- Using all available rosidl_typesupport_cpp: rosidl_typesupport_fastrtps_cpp;rosidl_typesupport_introspection_cpp
-- Found rmw_implementation_cmake: 6.1.0 (/opt/ros/humble/share/rmw_implementation_cmake/cmake)
-- Found rmw_fastrtps_cpp: 6.2.1 (/opt/ros/humble/share/rmw_fastrtps_cpp/cmake)
-- Found OpenSSL: /usr/lib/x86_64-linux-gnu/libcrypto.so (found version "3.0.2")  
-- Found FastRTPS: /opt/ros/humble/include  
-- Using RMW implementation 'rmw_fastrtps_cpp' as default
-- Found ament_lint_auto: 0.12.4 (/opt/ros/humble/share/ament_lint_auto/cmake)
-- Added test 'cppcheck' to perform static code analysis on C / C++ code
-- Configured cppcheck include dirs: 
-- Configured cppcheck exclude dirs and/or files: 
-- Added test 'lint_cmake' to check CMake code style
-- Added test 'uncrustify' to check C / C++ code style
-- Configured uncrustify additional arguments: 
-- Added test 'xmllint' to check XML markup files
-- Configuring done
-- Generating done
-- Build files have been written to: /home/avi/LIAN/lian/build/lian_nav2
[ 50%] [32mBuilding CXX object CMakeFiles/main_node.dir/src/main_node.cpp.o[0m
[100%] [32m[1mLinking CXX executable main_node[0m
[100%] Built target main_node
-- Install configuration: ""
-- Installing: /home/avi/LIAN/lian/install/lian_nav2/lib/lian_nav2/main_node
-- Set runtime path of "/home/avi/LIAN/lian/install/lian_nav2/lib/lian_nav2/main_node" to ""
-- Installing: /home/avi/LIAN/lian/install/lian_nav2/share/ament_index/resource_index/package_run_dependencies/lian_nav2
-- Up-to-date: /home/avi/LIAN/lian/install/lian_nav2/share/ament_index/resource_index/parent_prefix_path/lian_nav2
-- Up-to-date: /home/avi/LIAN/lian/install/lian_nav2/share/lian_nav2/environment/ament_prefix_path.sh
-- Installing: /home/avi/LIAN/lian/install/lian_nav2/share/lian_nav2/environment/ament_prefix_path.dsv
-- Up-to-date: /home/avi/LIAN/lian/install/lian_nav2/share/lian_nav2/environment/path.sh
-- Installing: /home/avi/LIAN/lian/install/lian_nav2/share/lian_nav2/environment/path.dsv
-- Up-to-date: /home/avi/LIAN/lian/install/lian_nav2/share/lian_nav2/local_setup.bash
-- Up-to-date: /home/avi/LIAN/lian/install/lian_nav2/share/lian_nav2/local_setup.sh
-- Up-to-date: /home/avi/LIAN/lian/install/lian_nav2/share/lian_nav2/local_setup.zsh
-- Installing: /home/avi/LIAN/lian/install/lian_nav2/share/lian_nav2/local_setup.dsv
-- Installing: /home/avi/LIAN/lian/install/lian_nav2/share/lian_nav2/package.dsv
-- Up-to-date: /home/avi/LIAN/lian/install/lian_nav2/share/ament_index/resource_index/packages/lian_nav2
-- Up-to-date: /home/avi/LIAN/lian/install/lian_nav2/share/lian_nav2/cmake/lian_nav2Config.cmake
-- Up-to-date: /home/avi/LIAN/lian/install/lian_nav2/share/lian_nav2/cmake/lian_nav2Config-version.cmake
-- Installing: /home/avi/LIAN/lian/install/lian_nav2/share/lian_nav2/package.xml
