[0.008s] Invoking command in '/home/avi/LIAN/lian/build/lian_nav2': CMAKE_PREFIX_PATH=${CMAKE_PREFIX_PATH}:/home/avi/nakai/packages/nakai-onboard/install/rosboard:/opt/ros/humble:/home/avi/nakai/packages/nakai-onboard/install/tf03:/home/avi/nakai/packages/nakai-onboard/install/ros2_jetson_stats:/home/avi/nakai/packages/nakai-onboard/install/nakai_robot:/home/avi/nakai/packages/nakai-onboard/install/bar30:/home/avi/nakai/packages/nakai-onboard/install/altimu10v5 /usr/bin/cmake --build /home/avi/LIAN/lian/build/lian_nav2 -- -j20 -l20
[0.023s] -- Found ament_cmake: 1.3.2 (/opt/ros/humble/share/ament_cmake/cmake)
[0.109s] -- Found rclcpp: 16.0.1 (/opt/ros/humble/share/rclcpp/cmake)
[0.138s] -- Found rosidl_generator_c: 3.1.3 (/opt/ros/humble/share/rosidl_generator_c/cmake)
[0.141s] -- Found rosidl_adapter: 3.1.3 (/opt/ros/humble/share/rosidl_adapter/cmake)
[0.146s] -- Found rosidl_generator_cpp: 3.1.3 (/opt/ros/humble/share/rosidl_generator_cpp/cmake)
[0.154s] -- Using all available rosidl_typesupport_c: rosidl_typesupport_fastrtps_c;rosidl_typesupport_introspection_c
[0.166s] -- Using all available rosidl_typesupport_cpp: rosidl_typesupport_fastrtps_cpp;rosidl_typesupport_introspection_cpp
[0.206s] -- Found rmw_implementation_cmake: 6.1.0 (/opt/ros/humble/share/rmw_implementation_cmake/cmake)
[0.207s] -- Found rmw_fastrtps_cpp: 6.2.1 (/opt/ros/humble/share/rmw_fastrtps_cpp/cmake)
[0.265s] -- Found OpenSSL: /usr/lib/x86_64-linux-gnu/libcrypto.so (found version "3.0.2")  
[0.282s] -- Found FastRTPS: /opt/ros/humble/include  
[0.309s] -- Using RMW implementation 'rmw_fastrtps_cpp' as default
[0.398s] -- Found ament_lint_auto: 0.12.4 (/opt/ros/humble/share/ament_lint_auto/cmake)
[0.440s] -- Added test 'cppcheck' to perform static code analysis on C / C++ code
[0.440s] -- Configured cppcheck include dirs: 
[0.440s] -- Configured cppcheck exclude dirs and/or files: 
[0.440s] -- Added test 'lint_cmake' to check CMake code style
[0.441s] -- Added test 'uncrustify' to check C / C++ code style
[0.441s] -- Configured uncrustify additional arguments: 
[0.441s] -- Added test 'xmllint' to check XML markup files
[0.441s] -- Configuring done
[0.445s] -- Generating done
[0.446s] -- Build files have been written to: /home/avi/LIAN/lian/build/lian_nav2
[0.465s] [ 50%] [32mBuilding CXX object CMakeFiles/main_node.dir/src/main_node.cpp.o[0m
[1.873s] [100%] [32m[1mLinking CXX executable main_node[0m
[1.930s] [100%] Built target main_node
[1.937s] Invoked command in '/home/avi/LIAN/lian/build/lian_nav2' returned '0': CMAKE_PREFIX_PATH=${CMAKE_PREFIX_PATH}:/home/avi/nakai/packages/nakai-onboard/install/rosboard:/opt/ros/humble:/home/avi/nakai/packages/nakai-onboard/install/tf03:/home/avi/nakai/packages/nakai-onboard/install/ros2_jetson_stats:/home/avi/nakai/packages/nakai-onboard/install/nakai_robot:/home/avi/nakai/packages/nakai-onboard/install/bar30:/home/avi/nakai/packages/nakai-onboard/install/altimu10v5 /usr/bin/cmake --build /home/avi/LIAN/lian/build/lian_nav2 -- -j20 -l20
[1.954s] Invoking command in '/home/avi/LIAN/lian/build/lian_nav2': CMAKE_PREFIX_PATH=${CMAKE_PREFIX_PATH}:/home/avi/nakai/packages/nakai-onboard/install/rosboard:/opt/ros/humble:/home/avi/nakai/packages/nakai-onboard/install/tf03:/home/avi/nakai/packages/nakai-onboard/install/ros2_jetson_stats:/home/avi/nakai/packages/nakai-onboard/install/nakai_robot:/home/avi/nakai/packages/nakai-onboard/install/bar30:/home/avi/nakai/packages/nakai-onboard/install/altimu10v5 /usr/bin/cmake --install /home/avi/LIAN/lian/build/lian_nav2
[1.959s] -- Install configuration: ""
[1.959s] -- Installing: /home/avi/LIAN/lian/install/lian_nav2/lib/lian_nav2/main_node
[1.959s] -- Set runtime path of "/home/avi/LIAN/lian/install/lian_nav2/lib/lian_nav2/main_node" to ""
[1.959s] -- Installing: /home/avi/LIAN/lian/install/lian_nav2/share/ament_index/resource_index/package_run_dependencies/lian_nav2
[1.959s] -- Up-to-date: /home/avi/LIAN/lian/install/lian_nav2/share/ament_index/resource_index/parent_prefix_path/lian_nav2
[1.959s] -- Up-to-date: /home/avi/LIAN/lian/install/lian_nav2/share/lian_nav2/environment/ament_prefix_path.sh
[1.959s] -- Installing: /home/avi/LIAN/lian/install/lian_nav2/share/lian_nav2/environment/ament_prefix_path.dsv
[1.959s] -- Up-to-date: /home/avi/LIAN/lian/install/lian_nav2/share/lian_nav2/environment/path.sh
[1.959s] -- Installing: /home/avi/LIAN/lian/install/lian_nav2/share/lian_nav2/environment/path.dsv
[1.959s] -- Up-to-date: /home/avi/LIAN/lian/install/lian_nav2/share/lian_nav2/local_setup.bash
[1.959s] -- Up-to-date: /home/avi/LIAN/lian/install/lian_nav2/share/lian_nav2/local_setup.sh
[1.959s] -- Up-to-date: /home/avi/LIAN/lian/install/lian_nav2/share/lian_nav2/local_setup.zsh
[1.959s] -- Installing: /home/avi/LIAN/lian/install/lian_nav2/share/lian_nav2/local_setup.dsv
[1.959s] -- Installing: /home/avi/LIAN/lian/install/lian_nav2/share/lian_nav2/package.dsv
[1.959s] -- Up-to-date: /home/avi/LIAN/lian/install/lian_nav2/share/ament_index/resource_index/packages/lian_nav2
[1.959s] -- Up-to-date: /home/avi/LIAN/lian/install/lian_nav2/share/lian_nav2/cmake/lian_nav2Config.cmake
[1.960s] -- Up-to-date: /home/avi/LIAN/lian/install/lian_nav2/share/lian_nav2/cmake/lian_nav2Config-version.cmake
[1.960s] -- Installing: /home/avi/LIAN/lian/install/lian_nav2/share/lian_nav2/package.xml
[1.961s] Invoked command in '/home/avi/LIAN/lian/build/lian_nav2' returned '0': CMAKE_PREFIX_PATH=${CMAKE_PREFIX_PATH}:/home/avi/nakai/packages/nakai-onboard/install/rosboard:/opt/ros/humble:/home/avi/nakai/packages/nakai-onboard/install/tf03:/home/avi/nakai/packages/nakai-onboard/install/ros2_jetson_stats:/home/avi/nakai/packages/nakai-onboard/install/nakai_robot:/home/avi/nakai/packages/nakai-onboard/install/bar30:/home/avi/nakai/packages/nakai-onboard/install/altimu10v5 /usr/bin/cmake --install /home/avi/LIAN/lian/build/lian_nav2
